[2025-02-17 15:45:35] Inicio de la partida: Partida1.
[2025-02-17 15:45:35] Piscifactoría inicial: pisci1.
[2025-02-17 15:45:38] Añadidas monedas mediante la opcion oculta
[2025-02-17 15:45:40] Añadidas monedas mediante la opcion oculta
[2025-02-17 15:45:42] Añadidas monedas mediante la opcion oculta
[2025-02-17 15:45:43] Añadidas monedas mediante la opcion oculta
[2025-02-17 15:45:44] Añadidas monedas mediante la opcion oculta
[2025-02-17 15:45:46] Añadidas monedas mediante la opcion oculta
[2025-02-17 15:45:47] Añadidas monedas mediante la opcion oculta
[2025-02-17 15:45:49] Añadidas monedas mediante la opcion oculta
[2025-02-17 15:45:50] Añadidas monedas mediante la opcion oculta
[2025-02-17 15:46:09] Comprado la piscifactoria de mar pisciMarI
[2025-02-17 15:46:09] Comprado la piscifactoria de rio pisciMarI
[2025-02-17 15:46:26] Comprado la piscifactoria de rio pisciRioII
[2025-02-17 15:46:42] Comprado la piscifactoria de mar pisciMarII
[2025-02-17 15:46:42] Comprado la piscifactoria de rio pisciMarII
[2025-02-17 15:48:31] Comprado un tanque para la piscifactoria pisci1
[2025-02-17 15:48:41] Comprado un tanque para la piscifactoria pisci1
[2025-02-17 15:48:54] Comprado un tanque para la piscifactoria pisci1
[2025-02-17 15:49:42] Carpa plateada (M) comprado. Añadido al tanque 2 de la piscifactoria pisci1
[2025-02-17 15:50:30] Cierre de la partida
[2025-02-17 17:02:52] Inicio de la partida: Partida1.
[2025-02-17 17:02:52] Piscifactoría inicial: pisic1.
[2025-02-17 17:02:55] Añadidas monedas mediante la opcion oculta
[2025-02-17 17:02:56] Añadidas monedas mediante la opcion oculta
[2025-02-17 17:02:58] Añadidas monedas mediante la opcion oculta
[2025-02-17 17:02:59] Añadidas monedas mediante la opcion oculta
[2025-02-17 17:03:00] Añadidas monedas mediante la opcion oculta
[2025-02-17 17:03:14] Comprado el almacén cenrtal
[2025-02-17 17:43:20] Inicio de la partida: Partida1.
[2025-02-17 17:43:20] Piscifactoría inicial: PisciRioI.
[2025-02-17 17:43:28] Añadidos peces mediante la opcion oculta a la piscifactoria PisciRioI
[2025-02-17 17:43:31] Añadidos peces mediante la opcion oculta a la piscifactoria PisciRioI
[2025-02-17 17:43:33] Añadidos peces mediante la opcion oculta a la piscifactoria PisciRioI
[2025-02-17 17:43:38] Fin del día 1.
[2025-02-17 17:43:38] Fin del día 2.
[2025-02-17 17:43:38] Fin del día 3.
[2025-02-17 17:43:38] Fin del día 4.
[2025-02-17 17:43:38] Fin del día 5.
[2025-02-17 17:43:46] Vaciado el tanque 1 de la piscifactoria PisciRioI
[2025-02-17 17:45:19] Inicio de la partida: Partida1.
[2025-02-17 17:45:19] Piscifactoría inicial: PisciRioI.
[2025-02-17 17:45:26] Añadidas monedas mediante la opcion oculta
[2025-02-17 17:45:27] Añadidas monedas mediante la opcion oculta
[2025-02-17 17:45:29] Añadidas monedas mediante la opcion oculta
[2025-02-17 17:45:30] Añadidas monedas mediante la opcion oculta
[2025-02-17 17:45:36] Añadidos peces mediante la opcion oculta a la piscifactoria PisciRioI
[2025-02-17 17:45:42] Añadidos peces mediante la opcion oculta a la piscifactoria PisciRioI
[2025-02-17 17:45:59] Comprado la piscifactoria de rio PisciRioII
[2025-02-17 17:46:06] Añadidos peces mediante la opcion oculta a la piscifactoria PisciRioII
[2025-02-17 17:46:13] Añadidos peces mediante la opcion oculta a la piscifactoria PisciRioII
[2025-02-17 17:46:24] Fin del día 1.
[2025-02-17 17:46:24] Fin del día 2.
[2025-02-17 17:46:24] Fin del día 3.
[2025-02-17 17:46:24] Fin del día 4.
[2025-02-17 17:46:24] Fin del día 5.
[2025-02-17 17:47:02] Vaciado el tanque 1 de la piscifactoria PisciRioI
[2025-02-17 17:47:25] Añadidos peces mediante la opcion oculta a la piscifactoria PisciRioI
[2025-02-17 17:48:05] Añadidas monedas mediante la opcion oculta
[2025-02-17 17:48:07] Añadidas monedas mediante la opcion oculta
[2025-02-17 17:48:08] Añadidas monedas mediante la opcion oculta
[2025-02-17 17:48:17] Comprado un tanque para la piscifactoria PisciRioI
[2025-02-17 17:48:30] Comprado un tanque para la piscifactoria PisciRioI
[2025-02-17 17:48:36] Comprado un tanque para la piscifactoria PisciRioI
[2025-02-17 17:48:44] Añadidos peces mediante la opcion oculta a la piscifactoria PisciRioI
[2025-02-17 17:48:49] Añadidos peces mediante la opcion oculta a la piscifactoria PisciRioI
[2025-02-17 17:48:53] Añadidos peces mediante la opcion oculta a la piscifactoria PisciRioI
[2025-02-17 17:48:58] Añadidos peces mediante la opcion oculta a la piscifactoria PisciRioI
[2025-02-17 17:49:06] Añadidos peces mediante la opcion oculta a la piscifactoria PisciRioI
[2025-02-17 17:49:21] Añadidos peces mediante la opcion oculta a la piscifactoria PisciRioI
[2025-02-17 17:49:27] Añadidos peces mediante la opcion oculta a la piscifactoria PisciRioI
[2025-02-17 17:49:35] Añadidos peces mediante la opcion oculta a la piscifactoria PisciRioI
[2025-02-17 17:51:19] Vaciado el tanque 1 de la piscifactoria PisciRioI
[2025-02-17 17:53:06] Cierre de la partida
[2025-02-17 19:03:32] Inicio de la partida: Partida1.
[2025-02-17 19:03:32] Piscifactoría inicial: PiscifactoriaRioI.
[2025-02-17 19:03:35] Añadidas monedas mediante la opcion oculta
[2025-02-17 19:03:36] Añadidas monedas mediante la opcion oculta
[2025-02-17 19:03:38] Añadidas monedas mediante la opcion oculta
[2025-02-17 19:03:39] Añadidas monedas mediante la opcion oculta
[2025-02-17 19:03:40] Añadidas monedas mediante la opcion oculta
[2025-02-17 19:03:41] Añadidas monedas mediante la opcion oculta
[2025-02-17 19:03:42] Añadidas monedas mediante la opcion oculta
[2025-02-17 19:03:43] Añadidas monedas mediante la opcion oculta
[2025-02-17 19:03:44] Añadidas monedas mediante la opcion oculta
[2025-02-17 19:03:45] Añadidas monedas mediante la opcion oculta
[2025-02-17 19:03:47] Añadidas monedas mediante la opcion oculta
[2025-02-17 19:03:48] Añadidas monedas mediante la opcion oculta
[2025-02-17 19:04:06] Comprado la piscifactoria de mar PisciMarI
[2025-02-17 19:04:06] Comprado la piscifactoria de rio PisciMarI
[2025-02-17 19:04:19] Comprado la piscifactoria de rio PisciRioII
[2025-02-17 19:04:30] Comprado la piscifactoria de mar PisciMarII
[2025-02-17 19:04:30] Comprado la piscifactoria de rio PisciMarII
[2025-02-17 19:04:40] Comprado un tanque para la piscifactoria PiscifactoriaRioI
[2025-02-17 19:04:49] Comprado un tanque para la piscifactoria PisciMarI
[2025-02-17 19:05:03] Añadidos peces mediante la opcion oculta a la piscifactoria PiscifactoriaRioI
[2025-02-17 19:05:08] Añadidos peces mediante la opcion oculta a la piscifactoria PiscifactoriaRioI
[2025-02-17 19:05:13] Añadidos peces mediante la opcion oculta a la piscifactoria PisciMarI
[2025-02-17 19:05:16] Añadidos peces mediante la opcion oculta a la piscifactoria PisciMarI
[2025-02-17 19:05:19] Añadidos peces mediante la opcion oculta a la piscifactoria PisciRioII
[2025-02-17 19:05:25] Añadidos peces mediante la opcion oculta a la piscifactoria PisciMarII
[2025-02-17 19:05:34] Añadidos peces mediante la opcion oculta a la piscifactoria PiscifactoriaRioI
[2025-02-17 19:05:38] Añadidos peces mediante la opcion oculta a la piscifactoria PiscifactoriaRioI
[2025-02-17 19:05:41] Añadidos peces mediante la opcion oculta a la piscifactoria PisciMarI
[2025-02-17 19:05:47] Añadidos peces mediante la opcion oculta a la piscifactoria PisciMarI
[2025-02-17 19:05:55] Añadidos peces mediante la opcion oculta a la piscifactoria PisciRioII
[2025-02-17 19:05:59] Añadidos peces mediante la opcion oculta a la piscifactoria PisciMarII
[2025-02-17 19:07:02] Comprado el almacén cenrtal
[2025-02-17 19:07:20] 160de comida de tipo animal comprada. Se almacena enel almacén central
[2025-02-17 19:07:33] 5de comida de tipo vegetal comprada. Se almacena enel almacén central
[2025-02-17 19:07:40] Fin del día 1.
[2025-02-17 19:07:40] Fin del día 2.
[2025-02-17 19:07:40] Fin del día 3.
[2025-02-17 19:07:40] Fin del día 4.
[2025-02-17 19:07:40] Fin del día 5.
[2025-02-17 19:08:17] Cierre de la partida
[2025-02-17 19:09:48] Inicio de la partida: Partida1.
[2025-02-17 19:09:48] Piscifactoría inicial: PisciRioI.
[2025-02-17 19:09:51] Añadidas monedas mediante la opcion oculta
[2025-02-17 19:09:52] Añadidas monedas mediante la opcion oculta
[2025-02-17 19:09:53] Añadidas monedas mediante la opcion oculta
[2025-02-17 19:09:54] Añadidas monedas mediante la opcion oculta
[2025-02-17 19:09:59] Añadidas monedas mediante la opcion oculta
[2025-02-17 19:10:01] Añadidas monedas mediante la opcion oculta
[2025-02-17 19:10:02] Añadidas monedas mediante la opcion oculta
[2025-02-17 19:10:03] Añadidas monedas mediante la opcion oculta
[2025-02-17 19:10:08] Comprado el almacén cenrtal
[2025-02-17 19:10:16] 160de comida de tipo animal comprada. Se almacena enel almacén central
[2025-02-17 19:10:47] Inicio de la partida: Partida1.
[2025-02-17 19:10:47] Piscifactoría inicial: PisciRioI.
[2025-02-17 19:10:49] Añadidas monedas mediante la opcion oculta
[2025-02-17 19:10:50] Añadidas monedas mediante la opcion oculta
[2025-02-17 19:10:52] Añadidas monedas mediante la opcion oculta
[2025-02-17 19:10:53] Añadidas monedas mediante la opcion oculta
[2025-02-17 19:10:54] Añadidas monedas mediante la opcion oculta
[2025-02-17 19:10:55] Añadidas monedas mediante la opcion oculta
[2025-02-17 19:10:56] Añadidas monedas mediante la opcion oculta
[2025-02-17 19:10:57] Añadidas monedas mediante la opcion oculta
[2025-02-17 19:10:58] Añadidas monedas mediante la opcion oculta
[2025-02-17 19:11:02] Comprado el almacén cenrtal
[2025-02-17 19:11:15] Comprado la piscifactoria de rio PisciRioII
[2025-02-17 19:11:24] 160de comida de tipo animal comprada. Se almacena enel almacén central
[2025-02-17 19:11:58] Comprado la piscifactoria de rio PisciRioIII
[2025-02-17 19:25:05] Inicio de la partida: Partida1.
[2025-02-17 19:25:05] Piscifactoría inicial: PisciRioI.
[2025-02-17 19:25:08] Añadidas monedas mediante la opcion oculta
[2025-02-17 19:25:09] Añadidas monedas mediante la opcion oculta
[2025-02-17 19:25:10] Añadidas monedas mediante la opcion oculta
[2025-02-17 19:25:11] Añadidas monedas mediante la opcion oculta
[2025-02-17 19:25:12] Añadidas monedas mediante la opcion oculta
[2025-02-17 19:25:13] Añadidas monedas mediante la opcion oculta
[2025-02-17 19:25:14] Añadidas monedas mediante la opcion oculta
[2025-02-17 19:25:15] Añadidas monedas mediante la opcion oculta
[2025-02-17 19:25:18] Comprado el almacén cenrtal
[2025-02-17 19:25:30] 160de comida de tipo animal comprada. Se almacena enel almacén central
[2025-02-17 19:25:43] 160de comida de tipo vegetal comprada. Se almacena enel almacén central
